d:\game_graphic\componentframework1.0.4\componentframework1.0.4\componentframework\debug\vc141.pdb
d:\game_graphic\componentframework1.0.4\componentframework1.0.4\componentframework\debug\vc141.idb
d:\game_graphic\componentframework1.0.4\componentframework1.0.4\componentframework\debug\vmath.obj
d:\game_graphic\componentframework1.0.4\componentframework1.0.4\componentframework\debug\trackball.obj
d:\game_graphic\componentframework1.0.4\componentframework1.0.4\componentframework\debug\timer.obj
d:\game_graphic\componentframework1.0.4\componentframework1.0.4\componentframework\debug\texture.obj
d:\game_graphic\componentframework1.0.4\componentframework1.0.4\componentframework\debug\skybox.obj
d:\game_graphic\componentframework1.0.4\componentframework1.0.4\componentframework\debug\shader.obj
d:\game_graphic\componentframework1.0.4\componentframework1.0.4\componentframework\debug\scene4.obj
d:\game_graphic\componentframework1.0.4\componentframework1.0.4\componentframework\debug\scene3.obj
d:\game_graphic\componentframework1.0.4\componentframework1.0.4\componentframework\debug\scene2.obj
d:\game_graphic\componentframework1.0.4\componentframework1.0.4\componentframework\debug\scene1.obj
d:\game_graphic\componentframework1.0.4\componentframework1.0.4\componentframework\debug\scene0.obj
d:\game_graphic\componentframework1.0.4\componentframework1.0.4\componentframework\debug\particles.obj
d:\game_graphic\componentframework1.0.4\componentframework1.0.4\componentframework\debug\objloader.obj
d:\game_graphic\componentframework1.0.4\componentframework1.0.4\componentframework\debug\mmath.obj
d:\game_graphic\componentframework1.0.4\componentframework1.0.4\componentframework\debug\mesh.obj
d:\game_graphic\componentframework1.0.4\componentframework1.0.4\componentframework\debug\main.obj
d:\game_graphic\componentframework1.0.4\componentframework1.0.4\componentframework\debug\gamescenemanager.obj
d:\game_graphic\componentframework1.0.4\componentframework1.0.4\componentframework\debug\gameobject.obj
d:\game_graphic\componentframework1.0.4\componentframework1.0.4\componentframework\debug\debug.obj
d:\game_graphic\componentframework1.0.4\componentframework1.0.4\componentframework\debug\camera.obj
d:\game_graphic\componentframework1.0.4\componentframework1.0.4\componentframework\debug\window.obj
d:\game_graphic\componentframework1.0.4\componentframework1.0.4\debug\componentframework.exe
d:\game_graphic\componentframework1.0.4\componentframework1.0.4\debug\componentframework.ilk
d:\game_graphic\componentframework1.0.4\componentframework1.0.4\debug\componentframework.pdb
d:\game_graphic\componentframework1.0.4\componentframework1.0.4\componentframework\debug\componen.614c2865.tlog\cl.command.1.tlog
d:\game_graphic\componentframework1.0.4\componentframework1.0.4\componentframework\debug\componen.614c2865.tlog\cl.read.1.tlog
d:\game_graphic\componentframework1.0.4\componentframework1.0.4\componentframework\debug\componen.614c2865.tlog\cl.write.1.tlog
d:\game_graphic\componentframework1.0.4\componentframework1.0.4\componentframework\debug\componen.614c2865.tlog\link.command.1.tlog
d:\game_graphic\componentframework1.0.4\componentframework1.0.4\componentframework\debug\componen.614c2865.tlog\link.read.1.tlog
d:\game_graphic\componentframework1.0.4\componentframework1.0.4\componentframework\debug\componen.614c2865.tlog\link.write.1.tlog
